[cloudfooding] 2022-05-31 12:39:49,862-0300 ERROR (AWT-EventQueue-0) com.cloudstax.cloudfooding.DatabaseConnection - Email não cadastrado
[cloudfooding] 2022-05-31 12:39:50,416-0300 ERROR (AWT-EventQueue-0) com.cloudstax.cloudfooding.DatabaseConnection - Senha incorreta!
[cloudfooding] 2022-05-31 12:39:50,903-0300 ERROR (AWT-EventQueue-0) com.cloudstax.cloudfooding.DatabaseConnection - Nome não encontrado!
[cloudfooding] 2022-05-31 12:39:50,903-0300 INFO  (AWT-EventQueue-0) com.cloudstax.cloudfooding.Screen - Realizando conexão...
[cloudfooding] 2022-05-31 12:39:53,951-0300 ERROR (AWT-EventQueue-0) com.cloudstax.cloudfooding.DatabaseConnection - Email não cadastrado
[cloudfooding] 2022-05-31 12:39:54,769-0300 ERROR (AWT-EventQueue-0) com.cloudstax.cloudfooding.DatabaseConnection - Senha incorreta!
[cloudfooding] 2022-05-31 12:39:55,589-0300 ERROR (AWT-EventQueue-0) com.cloudstax.cloudfooding.DatabaseConnection - Nome não encontrado!
[cloudfooding] 2022-05-31 12:39:55,589-0300 INFO  (AWT-EventQueue-0) com.cloudstax.cloudfooding.Screen - Realizando conexão...
[cloudfooding] 2022-05-31 12:42:32,384-0300 ERROR (AWT-EventQueue-0) com.cloudstax.cloudfooding.DatabaseConnection - Email não cadastrado
[cloudfooding] 2022-05-31 12:42:33,100-0300 ERROR (AWT-EventQueue-0) com.cloudstax.cloudfooding.DatabaseConnection - Senha incorreta!
[cloudfooding] 2022-05-31 12:42:33,899-0300 ERROR (AWT-EventQueue-0) com.cloudstax.cloudfooding.DatabaseConnection - Nome não encontrado!
[cloudfooding] 2022-05-31 12:42:33,899-0300 INFO  (AWT-EventQueue-0) com.cloudstax.cloudfooding.Screen - Realizando conexão...
[cloudfooding] 2022-05-31 12:51:38,567-0300 ERROR (AWT-EventQueue-0) com.cloudstax.cloudfooding.DatabaseConnection - Email não cadastrado
[cloudfooding] 2022-05-31 12:51:39,385-0300 ERROR (AWT-EventQueue-0) com.cloudstax.cloudfooding.DatabaseConnection - Senha incorreta!
[cloudfooding] 2022-05-31 12:51:40,101-0300 ERROR (AWT-EventQueue-0) com.cloudstax.cloudfooding.DatabaseConnection - Nome não encontrado!
[cloudfooding] 2022-05-31 12:51:40,102-0300 INFO  (AWT-EventQueue-0) com.cloudstax.cloudfooding.Screen - Realizando conexão...
[cloudfooding] 2022-05-31 12:51:43,277-0300 ERROR (AWT-EventQueue-0) com.cloudstax.cloudfooding.DatabaseConnection - Email não cadastrado
[cloudfooding] 2022-05-31 12:51:44,095-0300 ERROR (AWT-EventQueue-0) com.cloudstax.cloudfooding.DatabaseConnection - Senha incorreta!
[cloudfooding] 2022-05-31 12:51:44,709-0300 ERROR (AWT-EventQueue-0) com.cloudstax.cloudfooding.DatabaseConnection - Nome não encontrado!
[cloudfooding] 2022-05-31 12:51:44,710-0300 INFO  (AWT-EventQueue-0) com.cloudstax.cloudfooding.Screen - Realizando conexão...
[cloudfooding] 2022-05-31 12:53:45,033-0300 ERROR (AWT-EventQueue-0) com.cloudstax.cloudfooding.DatabaseConnection - Email não cadastrado
[cloudfooding] 2022-05-31 12:53:45,747-0300 ERROR (AWT-EventQueue-0) com.cloudstax.cloudfooding.DatabaseConnection - Senha incorreta!
[cloudfooding] 2022-05-31 12:53:46,464-0300 ERROR (AWT-EventQueue-0) com.cloudstax.cloudfooding.DatabaseConnection - Nome não encontrado!
[cloudfooding] 2022-05-31 12:53:46,464-0300 INFO  (AWT-EventQueue-0) com.cloudstax.cloudfooding.Screen - Realizando conexão...
[cloudfooding] 2022-05-31 12:53:49,740-0300 ERROR (AWT-EventQueue-0) com.cloudstax.cloudfooding.DatabaseConnection - Email não cadastrado
[cloudfooding] 2022-05-31 12:53:50,560-0300 ERROR (AWT-EventQueue-0) com.cloudstax.cloudfooding.DatabaseConnection - Senha incorreta!
[cloudfooding] 2022-05-31 12:53:51,380-0300 ERROR (AWT-EventQueue-0) com.cloudstax.cloudfooding.DatabaseConnection - Nome não encontrado!
[cloudfooding] 2022-05-31 12:53:51,380-0300 INFO  (AWT-EventQueue-0) com.cloudstax.cloudfooding.Screen - Realizando conexão...
[cloudfooding] 2022-05-31 12:53:54,349-0300 ERROR (AWT-EventQueue-0) com.cloudstax.cloudfooding.DatabaseConnection - Email não cadastrado
[cloudfooding] 2022-05-31 12:53:55,168-0300 ERROR (AWT-EventQueue-0) com.cloudstax.cloudfooding.DatabaseConnection - Senha incorreta!
[cloudfooding] 2022-05-31 12:53:55,921-0300 ERROR (AWT-EventQueue-0) com.cloudstax.cloudfooding.DatabaseConnection - Nome não encontrado!
[cloudfooding] 2022-05-31 12:53:55,921-0300 INFO  (AWT-EventQueue-0) com.cloudstax.cloudfooding.Screen - Realizando conexão...
[cloudfooding] 2022-05-31 12:53:59,060-0300 ERROR (AWT-EventQueue-0) com.cloudstax.cloudfooding.DatabaseConnection - Email não cadastrado
[cloudfooding] 2022-05-31 12:53:59,878-0300 ERROR (AWT-EventQueue-0) com.cloudstax.cloudfooding.DatabaseConnection - Senha incorreta!
[cloudfooding] 2022-05-31 12:54:00,698-0300 ERROR (AWT-EventQueue-0) com.cloudstax.cloudfooding.DatabaseConnection - Nome não encontrado!
[cloudfooding] 2022-05-31 12:54:00,698-0300 INFO  (AWT-EventQueue-0) com.cloudstax.cloudfooding.Screen - Realizando conexão...
[cloudfooding] 2022-05-31 14:11:33,923-0300 ERROR (AWT-EventQueue-0) com.cloudstax.cloudfooding.DatabaseConnection - Email não cadastrado
[cloudfooding] 2022-05-31 14:11:34,612-0300 ERROR (AWT-EventQueue-0) com.cloudstax.cloudfooding.DatabaseConnection - Senha incorreta!
[cloudfooding] 2022-05-31 14:11:35,447-0300 ERROR (AWT-EventQueue-0) com.cloudstax.cloudfooding.DatabaseConnection - Nome não encontrado!
[cloudfooding] 2022-05-31 14:11:35,448-0300 INFO  (AWT-EventQueue-0) com.cloudstax.cloudfooding.Screen - Realizando conexão...
[cloudfooding] 2022-05-31 14:11:38,420-0300 ERROR (AWT-EventQueue-0) com.cloudstax.cloudfooding.DatabaseConnection - Email não cadastrado
[cloudfooding] 2022-05-31 14:11:39,150-0300 ERROR (AWT-EventQueue-0) com.cloudstax.cloudfooding.DatabaseConnection - Senha incorreta!
[cloudfooding] 2022-05-31 14:11:40,065-0300 ERROR (AWT-EventQueue-0) com.cloudstax.cloudfooding.DatabaseConnection - Nome não encontrado!
[cloudfooding] 2022-05-31 14:11:40,066-0300 INFO  (AWT-EventQueue-0) com.cloudstax.cloudfooding.Screen - Realizando conexão...
[cloudfooding] 2022-05-31 14:15:30,260-0300 INFO  (AWT-EventQueue-0) com.cloudstax.cloudfooding.Screen - Realizando conexão...
[cloudfooding] 2022-05-31 14:15:30,284-0300 INFO  (AWT-EventQueue-0) com.cloudstax.cloudfooding.Screen - 
Conectado com sucesso!
[cloudfooding] 2022-05-31 14:15:30,284-0300 INFO  (AWT-EventQueue-0) com.cloudstax.cloudfooding.Screen - 
Verificando se a máquina já está cadastrada...
[cloudfooding] 2022-05-31 14:15:31,081-0300 WARN  (AWT-EventQueue-0) com.cloudstax.cloudfooding.DatabaseConnection - 
Máquina já cadastrada

[cloudfooding] 2022-05-31 14:15:35,527-0300 INFO  (Timer-1) com.cloudstax.cloudfooding.DatabaseConnection - Máquina encontrada com sucesso!
[cloudfooding] 2022-05-31 14:15:36,151-0300 INFO  (Timer-1) com.cloudstax.cloudfooding.DatabaseConnection - 
Logando como gerente
[cloudfooding] 2022-05-31 14:15:36,914-0300 INFO  (Timer-1) com.cloudstax.cloudfooding.DatabaseConnection - 
Dados inseridos com sucesso

[cloudfooding] 2022-05-31 14:16:05,530-0300 INFO  (Timer-1) com.cloudstax.cloudfooding.DatabaseConnection - Máquina encontrada com sucesso!
[cloudfooding] 2022-05-31 14:16:06,306-0300 INFO  (Timer-1) com.cloudstax.cloudfooding.DatabaseConnection - 
Logando como gerente
[cloudfooding] 2022-05-31 14:16:07,021-0300 INFO  (Timer-1) com.cloudstax.cloudfooding.DatabaseConnection - 
Dados inseridos com sucesso

[cloudfooding] 2022-05-31 14:16:35,594-0300 INFO  (Timer-1) com.cloudstax.cloudfooding.DatabaseConnection - Máquina encontrada com sucesso!
[cloudfooding] 2022-05-31 14:16:36,413-0300 INFO  (Timer-1) com.cloudstax.cloudfooding.DatabaseConnection - 
Logando como gerente
[cloudfooding] 2022-05-31 14:16:37,230-0300 INFO  (Timer-1) com.cloudstax.cloudfooding.DatabaseConnection - 
Dados inseridos com sucesso

[cloudfooding] 2022-05-31 14:17:05,597-0300 INFO  (Timer-1) com.cloudstax.cloudfooding.DatabaseConnection - Máquina encontrada com sucesso!
[cloudfooding] 2022-05-31 14:17:06,416-0300 INFO  (Timer-1) com.cloudstax.cloudfooding.DatabaseConnection - 
Logando como gerente
[cloudfooding] 2022-05-31 14:17:07,300-0300 INFO  (Timer-1) com.cloudstax.cloudfooding.DatabaseConnection - 
Dados inseridos com sucesso

[cloudfooding] 2022-05-31 14:17:35,601-0300 INFO  (Timer-1) com.cloudstax.cloudfooding.DatabaseConnection - Máquina encontrada com sucesso!
[cloudfooding] 2022-05-31 14:17:36,347-0300 INFO  (Timer-1) com.cloudstax.cloudfooding.DatabaseConnection - 
Logando como gerente
[cloudfooding] 2022-05-31 14:17:37,142-0300 INFO  (Timer-1) com.cloudstax.cloudfooding.DatabaseConnection - 
Dados inseridos com sucesso

[cloudfooding] 2022-05-31 14:18:05,622-0300 INFO  (Timer-1) com.cloudstax.cloudfooding.DatabaseConnection - Máquina encontrada com sucesso!
[cloudfooding] 2022-05-31 14:18:06,426-0300 INFO  (Timer-1) com.cloudstax.cloudfooding.DatabaseConnection - 
Logando como gerente
[cloudfooding] 2022-05-31 14:18:07,252-0300 INFO  (Timer-1) com.cloudstax.cloudfooding.DatabaseConnection - 
Dados inseridos com sucesso

[cloudfooding] 2022-05-31 14:18:35,612-0300 INFO  (Timer-1) com.cloudstax.cloudfooding.DatabaseConnection - Máquina encontrada com sucesso!
[cloudfooding] 2022-05-31 14:18:36,430-0300 INFO  (Timer-1) com.cloudstax.cloudfooding.DatabaseConnection - 
Logando como gerente
[cloudfooding] 2022-05-31 14:18:37,202-0300 INFO  (Timer-1) com.cloudstax.cloudfooding.DatabaseConnection - 
Dados inseridos com sucesso

[cloudfooding] 2022-05-31 14:19:05,622-0300 INFO  (Timer-1) com.cloudstax.cloudfooding.DatabaseConnection - Máquina encontrada com sucesso!
[cloudfooding] 2022-05-31 14:19:06,435-0300 INFO  (Timer-1) com.cloudstax.cloudfooding.DatabaseConnection - 
Logando como gerente
[cloudfooding] 2022-05-31 14:19:07,256-0300 INFO  (Timer-1) com.cloudstax.cloudfooding.DatabaseConnection - 
Dados inseridos com sucesso

[cloudfooding] 2022-05-31 14:20:05,995-0300 ERROR (AWT-EventQueue-0) com.cloudstax.cloudfooding.DatabaseConnection - Email não cadastrado
[cloudfooding] 2022-05-31 14:20:06,911-0300 ERROR (AWT-EventQueue-0) com.cloudstax.cloudfooding.DatabaseConnection - Senha incorreta!
[cloudfooding] 2022-05-31 14:20:07,398-0300 INFO  (AWT-EventQueue-0) com.cloudstax.cloudfooding.Screen - Realizando conexão...
[cloudfooding] 2022-05-31 14:20:27,292-0300 INFO  (AWT-EventQueue-0) com.cloudstax.cloudfooding.Screen - Realizando conexão...
[cloudfooding] 2022-05-31 14:20:27,307-0300 INFO  (AWT-EventQueue-0) com.cloudstax.cloudfooding.Screen - 
Conectado com sucesso!
[cloudfooding] 2022-05-31 14:20:27,307-0300 INFO  (AWT-EventQueue-0) com.cloudstax.cloudfooding.Screen - 
Verificando se a máquina já está cadastrada...
[cloudfooding] 2022-05-31 14:20:28,110-0300 WARN  (AWT-EventQueue-0) com.cloudstax.cloudfooding.DatabaseConnection - 
Máquina já cadastrada

[cloudfooding] 2022-05-31 14:20:32,620-0300 INFO  (Timer-2) com.cloudstax.cloudfooding.DatabaseConnection - Máquina encontrada com sucesso!
[cloudfooding] 2022-05-31 14:20:33,440-0300 INFO  (Timer-2) com.cloudstax.cloudfooding.DatabaseConnection - 
Logando como gerente
[cloudfooding] 2022-05-31 14:20:34,256-0300 INFO  (Timer-2) com.cloudstax.cloudfooding.DatabaseConnection - 
Dados inseridos com sucesso

[cloudfooding] 2022-05-31 14:21:02,622-0300 INFO  (Timer-2) com.cloudstax.cloudfooding.DatabaseConnection - Máquina encontrada com sucesso!
[cloudfooding] 2022-05-31 14:21:03,476-0300 INFO  (Timer-2) com.cloudstax.cloudfooding.DatabaseConnection - 
Logando como gerente
[cloudfooding] 2022-05-31 14:21:04,268-0300 INFO  (Timer-2) com.cloudstax.cloudfooding.DatabaseConnection - 
Dados inseridos com sucesso

[cloudfooding] 2022-05-31 14:21:32,626-0300 INFO  (Timer-2) com.cloudstax.cloudfooding.DatabaseConnection - Máquina encontrada com sucesso!
[cloudfooding] 2022-05-31 14:21:33,342-0300 INFO  (Timer-2) com.cloudstax.cloudfooding.DatabaseConnection - 
Logando como gerente
[cloudfooding] 2022-05-31 14:21:34,173-0300 INFO  (Timer-2) com.cloudstax.cloudfooding.DatabaseConnection - 
Dados inseridos com sucesso

[cloudfooding] 2022-05-31 14:22:02,631-0300 INFO  (Timer-2) com.cloudstax.cloudfooding.DatabaseConnection - Máquina encontrada com sucesso!
[cloudfooding] 2022-05-31 14:22:03,452-0300 INFO  (Timer-2) com.cloudstax.cloudfooding.DatabaseConnection - 
Logando como gerente
[cloudfooding] 2022-05-31 14:22:04,165-0300 INFO  (Timer-2) com.cloudstax.cloudfooding.DatabaseConnection - 
Dados inseridos com sucesso

[cloudfooding] 2022-05-31 14:22:32,636-0300 INFO  (Timer-2) com.cloudstax.cloudfooding.DatabaseConnection - Máquina encontrada com sucesso!
[cloudfooding] 2022-05-31 14:22:33,453-0300 INFO  (Timer-2) com.cloudstax.cloudfooding.DatabaseConnection - 
Logando como gerente
[cloudfooding] 2022-05-31 14:22:34,272-0300 INFO  (Timer-2) com.cloudstax.cloudfooding.DatabaseConnection - 
Dados inseridos com sucesso

[cloudfooding] 2022-05-31 14:23:02,635-0300 INFO  (Timer-2) com.cloudstax.cloudfooding.DatabaseConnection - Máquina encontrada com sucesso!
[cloudfooding] 2022-05-31 14:23:03,382-0300 INFO  (Timer-2) com.cloudstax.cloudfooding.DatabaseConnection - 
Logando como gerente
[cloudfooding] 2022-05-31 14:23:04,039-0300 INFO  (Timer-2) com.cloudstax.cloudfooding.DatabaseConnection - 
Dados inseridos com sucesso

[cloudfooding] 2022-05-31 14:23:32,632-0300 INFO  (Timer-2) com.cloudstax.cloudfooding.DatabaseConnection - Máquina encontrada com sucesso!
[cloudfooding] 2022-05-31 14:23:33,451-0300 INFO  (Timer-2) com.cloudstax.cloudfooding.DatabaseConnection - 
Logando como gerente
[cloudfooding] 2022-05-31 14:23:34,267-0300 INFO  (Timer-2) com.cloudstax.cloudfooding.DatabaseConnection - 
Dados inseridos com sucesso

[cloudfooding] 2022-05-31 14:24:02,629-0300 INFO  (Timer-2) com.cloudstax.cloudfooding.DatabaseConnection - Máquina encontrada com sucesso!
[cloudfooding] 2022-05-31 14:24:03,448-0300 INFO  (Timer-2) com.cloudstax.cloudfooding.DatabaseConnection - 
Logando como gerente
[cloudfooding] 2022-05-31 14:24:04,268-0300 INFO  (Timer-2) com.cloudstax.cloudfooding.DatabaseConnection - 
Dados inseridos com sucesso

[cloudfooding] 2022-05-31 14:24:32,526-0300 INFO  (Timer-2) com.cloudstax.cloudfooding.DatabaseConnection - Máquina encontrada com sucesso!
[cloudfooding] 2022-05-31 14:24:33,243-0300 INFO  (Timer-2) com.cloudstax.cloudfooding.DatabaseConnection - 
Logando como gerente
[cloudfooding] 2022-05-31 14:24:33,959-0300 INFO  (Timer-2) com.cloudstax.cloudfooding.DatabaseConnection - 
Dados inseridos com sucesso

[cloudfooding] 2022-05-31 14:25:02,631-0300 INFO  (Timer-2) com.cloudstax.cloudfooding.DatabaseConnection - Máquina encontrada com sucesso!
[cloudfooding] 2022-05-31 14:25:03,346-0300 INFO  (Timer-2) com.cloudstax.cloudfooding.DatabaseConnection - 
Logando como gerente
[cloudfooding] 2022-05-31 14:25:04,063-0300 INFO  (Timer-2) com.cloudstax.cloudfooding.DatabaseConnection - 
Dados inseridos com sucesso

[cloudfooding] 2022-05-31 14:25:32,631-0300 INFO  (Timer-2) com.cloudstax.cloudfooding.DatabaseConnection - Máquina encontrada com sucesso!
[cloudfooding] 2022-05-31 14:25:33,451-0300 INFO  (Timer-2) com.cloudstax.cloudfooding.DatabaseConnection - 
Logando como gerente
[cloudfooding] 2022-05-31 14:25:34,167-0300 INFO  (Timer-2) com.cloudstax.cloudfooding.DatabaseConnection - 
Dados inseridos com sucesso

[cloudfooding] 2022-05-31 14:26:02,633-0300 INFO  (Timer-2) com.cloudstax.cloudfooding.DatabaseConnection - Máquina encontrada com sucesso!
[cloudfooding] 2022-05-31 14:26:03,350-0300 INFO  (Timer-2) com.cloudstax.cloudfooding.DatabaseConnection - 
Logando como gerente
[cloudfooding] 2022-05-31 14:26:04,170-0300 INFO  (Timer-2) com.cloudstax.cloudfooding.DatabaseConnection - 
Dados inseridos com sucesso

[cloudfooding] 2022-05-31 14:26:32,738-0300 INFO  (Timer-2) com.cloudstax.cloudfooding.DatabaseConnection - Máquina encontrada com sucesso!
[cloudfooding] 2022-05-31 14:26:33,557-0300 INFO  (Timer-2) com.cloudstax.cloudfooding.DatabaseConnection - 
Logando como gerente
[cloudfooding] 2022-05-31 14:26:34,376-0300 INFO  (Timer-2) com.cloudstax.cloudfooding.DatabaseConnection - 
Dados inseridos com sucesso

[cloudfooding] 2022-05-31 14:27:02,639-0300 INFO  (Timer-2) com.cloudstax.cloudfooding.DatabaseConnection - Máquina encontrada com sucesso!
[cloudfooding] 2022-05-31 14:27:03,389-0300 INFO  (Timer-2) com.cloudstax.cloudfooding.DatabaseConnection - 
Logando como gerente
[cloudfooding] 2022-05-31 14:27:04,113-0300 INFO  (Timer-2) com.cloudstax.cloudfooding.DatabaseConnection - 
Dados inseridos com sucesso

[cloudfooding] 2022-05-31 14:27:32,644-0300 INFO  (Timer-2) com.cloudstax.cloudfooding.DatabaseConnection - Máquina encontrada com sucesso!
[cloudfooding] 2022-05-31 14:27:33,361-0300 INFO  (Timer-2) com.cloudstax.cloudfooding.DatabaseConnection - 
Logando como gerente
[cloudfooding] 2022-05-31 14:27:34,180-0300 INFO  (Timer-2) com.cloudstax.cloudfooding.DatabaseConnection - 
Dados inseridos com sucesso

[cloudfooding] 2022-05-31 14:28:02,650-0300 INFO  (Timer-2) com.cloudstax.cloudfooding.DatabaseConnection - Máquina encontrada com sucesso!
[cloudfooding] 2022-05-31 14:28:03,469-0300 INFO  (Timer-2) com.cloudstax.cloudfooding.DatabaseConnection - 
Logando como gerente
[cloudfooding] 2022-05-31 14:28:04,288-0300 INFO  (Timer-2) com.cloudstax.cloudfooding.DatabaseConnection - 
Dados inseridos com sucesso

[cloudfooding] 2022-05-31 14:28:32,655-0300 INFO  (Timer-2) com.cloudstax.cloudfooding.DatabaseConnection - Máquina encontrada com sucesso!
[cloudfooding] 2022-05-31 14:28:33,475-0300 INFO  (Timer-2) com.cloudstax.cloudfooding.DatabaseConnection - 
Logando como gerente
[cloudfooding] 2022-05-31 14:28:34,401-0300 INFO  (Timer-2) com.cloudstax.cloudfooding.DatabaseConnection - 
Dados inseridos com sucesso

[cloudfooding] 2022-05-31 14:29:02,660-0300 INFO  (Timer-2) com.cloudstax.cloudfooding.DatabaseConnection - Máquina encontrada com sucesso!
[cloudfooding] 2022-05-31 14:29:03,377-0300 INFO  (Timer-2) com.cloudstax.cloudfooding.DatabaseConnection - 
Logando como gerente
[cloudfooding] 2022-05-31 14:29:04,195-0300 INFO  (Timer-2) com.cloudstax.cloudfooding.DatabaseConnection - 
Dados inseridos com sucesso

[cloudfooding] 2022-05-31 14:29:32,562-0300 INFO  (Timer-2) com.cloudstax.cloudfooding.DatabaseConnection - Máquina encontrada com sucesso!
[cloudfooding] 2022-05-31 14:29:33,381-0300 INFO  (Timer-2) com.cloudstax.cloudfooding.DatabaseConnection - 
Logando como gerente
[cloudfooding] 2022-05-31 14:29:34,201-0300 INFO  (Timer-2) com.cloudstax.cloudfooding.DatabaseConnection - 
Dados inseridos com sucesso

[cloudfooding] 2022-05-31 14:30:02,628-0300 INFO  (Timer-2) com.cloudstax.cloudfooding.DatabaseConnection - Máquina encontrada com sucesso!
[cloudfooding] 2022-05-31 14:30:03,386-0300 INFO  (Timer-2) com.cloudstax.cloudfooding.DatabaseConnection - 
Logando como gerente
[cloudfooding] 2022-05-31 14:30:04,102-0300 INFO  (Timer-2) com.cloudstax.cloudfooding.DatabaseConnection - 
Dados inseridos com sucesso

[cloudfooding] 2022-05-31 14:30:32,570-0300 INFO  (Timer-2) com.cloudstax.cloudfooding.DatabaseConnection - Máquina encontrada com sucesso!
[cloudfooding] 2022-05-31 14:30:33,287-0300 INFO  (Timer-2) com.cloudstax.cloudfooding.DatabaseConnection - 
Logando como gerente
[cloudfooding] 2022-05-31 14:30:34,107-0300 INFO  (Timer-2) com.cloudstax.cloudfooding.DatabaseConnection - 
Dados inseridos com sucesso

[cloudfooding] 2022-05-31 14:31:02,576-0300 INFO  (Timer-2) com.cloudstax.cloudfooding.DatabaseConnection - Máquina encontrada com sucesso!
[cloudfooding] 2022-05-31 14:31:03,292-0300 INFO  (Timer-2) com.cloudstax.cloudfooding.DatabaseConnection - 
Logando como gerente
[cloudfooding] 2022-05-31 14:31:04,110-0300 INFO  (Timer-2) com.cloudstax.cloudfooding.DatabaseConnection - 
Dados inseridos com sucesso

[cloudfooding] 2022-05-31 14:31:32,579-0300 INFO  (Timer-2) com.cloudstax.cloudfooding.DatabaseConnection - Máquina encontrada com sucesso!
[cloudfooding] 2022-05-31 14:31:33,399-0300 INFO  (Timer-2) com.cloudstax.cloudfooding.DatabaseConnection - 
Logando como gerente
[cloudfooding] 2022-05-31 14:31:34,216-0300 INFO  (Timer-2) com.cloudstax.cloudfooding.DatabaseConnection - 
Dados inseridos com sucesso

[cloudfooding] 2022-05-31 14:32:02,582-0300 INFO  (Timer-2) com.cloudstax.cloudfooding.DatabaseConnection - Máquina encontrada com sucesso!
[cloudfooding] 2022-05-31 14:32:03,389-0300 INFO  (Timer-2) com.cloudstax.cloudfooding.DatabaseConnection - 
Logando como gerente
[cloudfooding] 2022-05-31 14:32:04,157-0300 INFO  (Timer-2) com.cloudstax.cloudfooding.DatabaseConnection - 
Dados inseridos com sucesso

[cloudfooding] 2022-05-31 14:32:32,586-0300 INFO  (Timer-2) com.cloudstax.cloudfooding.DatabaseConnection - Máquina encontrada com sucesso!
[cloudfooding] 2022-05-31 14:32:33,405-0300 INFO  (Timer-2) com.cloudstax.cloudfooding.DatabaseConnection - 
Logando como gerente
[cloudfooding] 2022-05-31 14:32:34,224-0300 INFO  (Timer-2) com.cloudstax.cloudfooding.DatabaseConnection - 
Dados inseridos com sucesso

[cloudfooding] 2022-05-31 14:33:02,590-0300 INFO  (Timer-2) com.cloudstax.cloudfooding.DatabaseConnection - Máquina encontrada com sucesso!
[cloudfooding] 2022-05-31 14:33:03,410-0300 INFO  (Timer-2) com.cloudstax.cloudfooding.DatabaseConnection - 
Logando como gerente
[cloudfooding] 2022-05-31 14:33:04,228-0300 INFO  (Timer-2) com.cloudstax.cloudfooding.DatabaseConnection - 
Dados inseridos com sucesso

[cloudfooding] 2022-05-31 14:33:32,594-0300 INFO  (Timer-2) com.cloudstax.cloudfooding.DatabaseConnection - Máquina encontrada com sucesso!
[cloudfooding] 2022-05-31 14:33:33,413-0300 INFO  (Timer-2) com.cloudstax.cloudfooding.DatabaseConnection - 
Logando como gerente
[cloudfooding] 2022-05-31 14:33:34,232-0300 INFO  (Timer-2) com.cloudstax.cloudfooding.DatabaseConnection - 
Dados inseridos com sucesso

[cloudfooding] 2022-05-31 14:34:02,597-0300 INFO  (Timer-2) com.cloudstax.cloudfooding.DatabaseConnection - Máquina encontrada com sucesso!
[cloudfooding] 2022-05-31 14:34:03,363-0300 INFO  (Timer-2) com.cloudstax.cloudfooding.DatabaseConnection - 
Logando como gerente
[cloudfooding] 2022-05-31 14:34:04,133-0300 INFO  (Timer-2) com.cloudstax.cloudfooding.DatabaseConnection - 
Dados inseridos com sucesso

[cloudfooding] 2022-05-31 14:34:32,601-0300 INFO  (Timer-2) com.cloudstax.cloudfooding.DatabaseConnection - Máquina encontrada com sucesso!
[cloudfooding] 2022-05-31 14:34:33,420-0300 INFO  (Timer-2) com.cloudstax.cloudfooding.DatabaseConnection - 
Logando como gerente
[cloudfooding] 2022-05-31 14:34:34,239-0300 INFO  (Timer-2) com.cloudstax.cloudfooding.DatabaseConnection - 
Dados inseridos com sucesso

[cloudfooding] 2022-05-31 14:35:02,604-0300 INFO  (Timer-2) com.cloudstax.cloudfooding.DatabaseConnection - Máquina encontrada com sucesso!
[cloudfooding] 2022-05-31 14:35:03,423-0300 INFO  (Timer-2) com.cloudstax.cloudfooding.DatabaseConnection - 
Logando como gerente
[cloudfooding] 2022-05-31 14:35:04,243-0300 INFO  (Timer-2) com.cloudstax.cloudfooding.DatabaseConnection - 
Dados inseridos com sucesso

[cloudfooding] 2022-05-31 14:35:32,607-0300 INFO  (Timer-2) com.cloudstax.cloudfooding.DatabaseConnection - Máquina encontrada com sucesso!
[cloudfooding] 2022-05-31 14:35:33,371-0300 INFO  (Timer-2) com.cloudstax.cloudfooding.DatabaseConnection - 
Logando como gerente
[cloudfooding] 2022-05-31 14:35:34,035-0300 INFO  (Timer-2) com.cloudstax.cloudfooding.DatabaseConnection - 
Dados inseridos com sucesso

[cloudfooding] 2022-05-31 14:36:02,607-0300 INFO  (Timer-2) com.cloudstax.cloudfooding.DatabaseConnection - Máquina encontrada com sucesso!
[cloudfooding] 2022-05-31 14:36:03,329-0300 INFO  (Timer-2) com.cloudstax.cloudfooding.DatabaseConnection - 
Logando como gerente
[cloudfooding] 2022-05-31 14:36:04,044-0300 INFO  (Timer-2) com.cloudstax.cloudfooding.DatabaseConnection - 
Dados inseridos com sucesso

[cloudfooding] 2022-05-31 14:36:32,509-0300 INFO  (Timer-2) com.cloudstax.cloudfooding.DatabaseConnection - Máquina encontrada com sucesso!
[cloudfooding] 2022-05-31 14:36:33,230-0300 INFO  (Timer-2) com.cloudstax.cloudfooding.DatabaseConnection - 
Logando como gerente
[cloudfooding] 2022-05-31 14:36:34,158-0300 INFO  (Timer-2) com.cloudstax.cloudfooding.DatabaseConnection - 
Dados inseridos com sucesso

[cloudfooding] 2022-05-31 14:37:02,513-0300 INFO  (Timer-2) com.cloudstax.cloudfooding.DatabaseConnection - Máquina encontrada com sucesso!
[cloudfooding] 2022-05-31 14:37:03,332-0300 INFO  (Timer-2) com.cloudstax.cloudfooding.DatabaseConnection - 
Logando como gerente
[cloudfooding] 2022-05-31 14:37:04,154-0300 INFO  (Timer-2) com.cloudstax.cloudfooding.DatabaseConnection - 
Dados inseridos com sucesso

[cloudfooding] 2022-05-31 14:37:32,621-0300 INFO  (Timer-2) com.cloudstax.cloudfooding.DatabaseConnection - Máquina encontrada com sucesso!
[cloudfooding] 2022-05-31 14:37:33,438-0300 INFO  (Timer-2) com.cloudstax.cloudfooding.DatabaseConnection - 
Logando como gerente
[cloudfooding] 2022-05-31 14:37:34,261-0300 INFO  (Timer-2) com.cloudstax.cloudfooding.DatabaseConnection - 
Dados inseridos com sucesso

[cloudfooding] 2022-05-31 14:38:02,551-0300 INFO  (Timer-2) com.cloudstax.cloudfooding.DatabaseConnection - Máquina encontrada com sucesso!
[cloudfooding] 2022-05-31 14:38:03,236-0300 INFO  (Timer-2) com.cloudstax.cloudfooding.DatabaseConnection - 
Logando como gerente
[cloudfooding] 2022-05-31 14:38:04,054-0300 INFO  (Timer-2) com.cloudstax.cloudfooding.DatabaseConnection - 
Dados inseridos com sucesso

[cloudfooding] 2022-05-31 14:38:32,567-0300 INFO  (Timer-2) com.cloudstax.cloudfooding.DatabaseConnection - Máquina encontrada com sucesso!
[cloudfooding] 2022-05-31 14:38:33,349-0300 INFO  (Timer-2) com.cloudstax.cloudfooding.DatabaseConnection - 
Logando como gerente
[cloudfooding] 2022-05-31 14:38:34,161-0300 INFO  (Timer-2) com.cloudstax.cloudfooding.DatabaseConnection - 
Dados inseridos com sucesso

[cloudfooding] 2022-05-31 14:39:02,628-0300 INFO  (Timer-2) com.cloudstax.cloudfooding.DatabaseConnection - Máquina encontrada com sucesso!
[cloudfooding] 2022-05-31 14:39:03,344-0300 INFO  (Timer-2) com.cloudstax.cloudfooding.DatabaseConnection - 
Logando como gerente
[cloudfooding] 2022-05-31 14:39:04,061-0300 INFO  (Timer-2) com.cloudstax.cloudfooding.DatabaseConnection - 
Dados inseridos com sucesso

[cloudfooding] 2022-05-31 14:39:32,635-0300 INFO  (Timer-2) com.cloudstax.cloudfooding.DatabaseConnection - Máquina encontrada com sucesso!
[cloudfooding] 2022-05-31 14:39:33,453-0300 INFO  (Timer-2) com.cloudstax.cloudfooding.DatabaseConnection - 
Logando como gerente
[cloudfooding] 2022-05-31 14:39:34,276-0300 INFO  (Timer-2) com.cloudstax.cloudfooding.DatabaseConnection - 
Dados inseridos com sucesso

[cloudfooding] 2022-05-31 14:40:02,736-0300 INFO  (Timer-2) com.cloudstax.cloudfooding.DatabaseConnection - Máquina encontrada com sucesso!
[cloudfooding] 2022-05-31 14:40:03,555-0300 INFO  (Timer-2) com.cloudstax.cloudfooding.DatabaseConnection - 
Logando como gerente
[cloudfooding] 2022-05-31 14:40:04,375-0300 INFO  (Timer-2) com.cloudstax.cloudfooding.DatabaseConnection - 
Dados inseridos com sucesso

[cloudfooding] 2022-05-31 14:40:32,637-0300 INFO  (Timer-2) com.cloudstax.cloudfooding.DatabaseConnection - Máquina encontrada com sucesso!
[cloudfooding] 2022-05-31 14:40:33,457-0300 INFO  (Timer-2) com.cloudstax.cloudfooding.DatabaseConnection - 
Logando como gerente
[cloudfooding] 2022-05-31 14:40:34,278-0300 INFO  (Timer-2) com.cloudstax.cloudfooding.DatabaseConnection - 
Dados inseridos com sucesso

[cloudfooding] 2022-05-31 14:41:02,640-0300 INFO  (Timer-2) com.cloudstax.cloudfooding.DatabaseConnection - Máquina encontrada com sucesso!
[cloudfooding] 2022-05-31 14:41:03,459-0300 INFO  (Timer-2) com.cloudstax.cloudfooding.DatabaseConnection - 
Logando como gerente
[cloudfooding] 2022-05-31 14:41:04,179-0300 INFO  (Timer-2) com.cloudstax.cloudfooding.DatabaseConnection - 
Dados inseridos com sucesso

[cloudfooding] 2022-05-31 14:41:32,644-0300 INFO  (Timer-2) com.cloudstax.cloudfooding.DatabaseConnection - Máquina encontrada com sucesso!
[cloudfooding] 2022-05-31 14:41:33,462-0300 INFO  (Timer-2) com.cloudstax.cloudfooding.DatabaseConnection - 
Logando como gerente
[cloudfooding] 2022-05-31 14:41:34,179-0300 INFO  (Timer-2) com.cloudstax.cloudfooding.DatabaseConnection - 
Dados inseridos com sucesso

[cloudfooding] 2022-05-31 14:42:02,647-0300 INFO  (Timer-2) com.cloudstax.cloudfooding.DatabaseConnection - Máquina encontrada com sucesso!
[cloudfooding] 2022-05-31 14:42:03,572-0300 INFO  (Timer-2) com.cloudstax.cloudfooding.DatabaseConnection - 
Logando como gerente
[cloudfooding] 2022-05-31 14:42:04,391-0300 INFO  (Timer-2) com.cloudstax.cloudfooding.DatabaseConnection - 
Dados inseridos com sucesso

[cloudfooding] 2022-05-31 14:42:32,753-0300 INFO  (Timer-2) com.cloudstax.cloudfooding.DatabaseConnection - Máquina encontrada com sucesso!
[cloudfooding] 2022-05-31 14:42:33,571-0300 INFO  (Timer-2) com.cloudstax.cloudfooding.DatabaseConnection - 
Logando como gerente
[cloudfooding] 2022-05-31 14:42:34,293-0300 INFO  (Timer-2) com.cloudstax.cloudfooding.DatabaseConnection - 
Dados inseridos com sucesso

[cloudfooding] 2022-05-31 16:01:08,093-0300 ERROR (AWT-EventQueue-0) com.cloudstax.cloudfooding.DatabaseConnection - Email não cadastrado
[cloudfooding] 2022-05-31 16:01:09,596-0300 ERROR (AWT-EventQueue-0) com.cloudstax.cloudfooding.DatabaseConnection - Senha incorreta!
[cloudfooding] 2022-05-31 16:01:11,781-0300 ERROR (AWT-EventQueue-0) com.cloudstax.cloudfooding.DatabaseConnection - Nome não encontrado!
[cloudfooding] 2022-05-31 16:01:11,782-0300 INFO  (AWT-EventQueue-0) com.cloudstax.cloudfooding.Screen - Realizando conexão...
[cloudfooding] 2022-05-31 16:03:54,410-0300 ERROR (AWT-EventQueue-0) com.cloudstax.cloudfooding.DatabaseConnection - Email não cadastrado
[cloudfooding] 2022-05-31 16:03:55,204-0300 ERROR (AWT-EventQueue-0) com.cloudstax.cloudfooding.DatabaseConnection - Senha incorreta!
[cloudfooding] 2022-05-31 16:03:55,941-0300 ERROR (AWT-EventQueue-0) com.cloudstax.cloudfooding.DatabaseConnection - Nome não encontrado!
[cloudfooding] 2022-05-31 16:03:55,941-0300 INFO  (AWT-EventQueue-0) com.cloudstax.cloudfooding.Screen - Realizando conexão...
[cloudfooding] 2022-05-31 16:05:31,559-0300 ERROR (AWT-EventQueue-0) com.cloudstax.cloudfooding.DatabaseConnection - Email não cadastrado
[cloudfooding] 2022-05-31 16:05:32,478-0300 ERROR (AWT-EventQueue-0) com.cloudstax.cloudfooding.DatabaseConnection - Senha incorreta!
[cloudfooding] 2022-05-31 16:05:33,297-0300 ERROR (AWT-EventQueue-0) com.cloudstax.cloudfooding.DatabaseConnection - Nome não encontrado!
[cloudfooding] 2022-05-31 16:05:33,298-0300 INFO  (AWT-EventQueue-0) com.cloudstax.cloudfooding.Screen - Realizando conexão...
[cloudfooding] 2022-05-31 16:06:26,047-0300 ERROR (AWT-EventQueue-0) com.cloudstax.cloudfooding.DatabaseConnection - Email não cadastrado
[cloudfooding] 2022-05-31 16:06:27,159-0300 ERROR (AWT-EventQueue-0) com.cloudstax.cloudfooding.DatabaseConnection - Senha incorreta!
[cloudfooding] 2022-05-31 16:06:29,658-0300 ERROR (AWT-EventQueue-0) com.cloudstax.cloudfooding.DatabaseConnection - Nome não encontrado!
[cloudfooding] 2022-05-31 16:06:29,659-0300 INFO  (AWT-EventQueue-0) com.cloudstax.cloudfooding.Screen - Realizando conexão...
[cloudfooding] 2022-05-31 16:11:08,490-0300 ERROR (AWT-EventQueue-0) com.cloudstax.cloudfooding.DatabaseConnection - Email não cadastrado
[cloudfooding] 2022-05-31 16:11:09,048-0300 ERROR (AWT-EventQueue-0) com.cloudstax.cloudfooding.DatabaseConnection - Senha incorreta!
[cloudfooding] 2022-05-31 16:11:09,581-0300 ERROR (AWT-EventQueue-0) com.cloudstax.cloudfooding.DatabaseConnection - Nome não encontrado!
[cloudfooding] 2022-05-31 16:11:09,581-0300 INFO  (AWT-EventQueue-0) com.cloudstax.cloudfooding.Screen - Realizando conexão...
[cloudfooding] 2022-05-31 16:16:07,222-0300 ERROR (AWT-EventQueue-0) com.cloudstax.cloudfooding.DatabaseConnection - Email não cadastrado
[cloudfooding] 2022-05-31 16:16:08,948-0300 ERROR (AWT-EventQueue-0) com.cloudstax.cloudfooding.DatabaseConnection - Senha incorreta!
[cloudfooding] 2022-05-31 16:16:10,584-0300 ERROR (AWT-EventQueue-0) com.cloudstax.cloudfooding.DatabaseConnection - Nome não encontrado!
[cloudfooding] 2022-05-31 16:16:10,585-0300 INFO  (AWT-EventQueue-0) com.cloudstax.cloudfooding.Screen - Realizando conexão...
[cloudfooding] 2022-05-31 16:18:17,721-0300 ERROR (AWT-EventQueue-0) com.cloudstax.cloudfooding.DatabaseConnection - Email não cadastrado
[cloudfooding] 2022-05-31 16:22:38,064-0300 ERROR (AWT-EventQueue-0) com.cloudstax.cloudfooding.DatabaseConnection - Email não cadastrado
[cloudfooding] 2022-05-31 16:22:39,411-0300 ERROR (AWT-EventQueue-0) com.cloudstax.cloudfooding.DatabaseConnection - Senha incorreta!
[cloudfooding] 2022-05-31 16:22:40,379-0300 ERROR (AWT-EventQueue-0) com.cloudstax.cloudfooding.DatabaseConnection - Nome não encontrado!
[cloudfooding] 2022-05-31 16:22:40,379-0300 INFO  (AWT-EventQueue-0) com.cloudstax.cloudfooding.Screen - Realizando conexão...
[cloudfooding] 2022-05-31 16:22:40,380-0300 ERROR (AWT-EventQueue-0) com.cloudstax.cloudfooding.Screen - Falha na conexão!
[cloudfooding] 2022-05-31 16:23:49,291-0300 ERROR (AWT-EventQueue-0) com.cloudstax.cloudfooding.DatabaseConnection - Email não cadastrado
[cloudfooding] 2022-05-31 16:23:52,341-0300 ERROR (AWT-EventQueue-0) com.cloudstax.cloudfooding.DatabaseConnection - Senha incorreta!
[cloudfooding] 2022-05-31 16:23:55,086-0300 ERROR (AWT-EventQueue-0) com.cloudstax.cloudfooding.DatabaseConnection - Nome não encontrado!
[cloudfooding] 2022-05-31 16:23:55,087-0300 INFO  (AWT-EventQueue-0) com.cloudstax.cloudfooding.Screen - Realizando conexão...
[cloudfooding] 2022-05-31 16:23:55,088-0300 ERROR (AWT-EventQueue-0) com.cloudstax.cloudfooding.Screen - Falha na conexão!
